<?xml version="1.0" encoding="UTF-8"?>
<!-- Generated by org.testng.reporters.JUnitXMLReporter -->
<testsuite ignored="1" hostname="LAPTOP-H4JPT2A9" failures="0" tests="1" name="Default test" time="0.085" errors="0" timestamp="2022-09-28T00:51:04 IST">
  <testcase classname="pack1.TestNG_Verift_Login_And_CreateNewAccount" name="@BeforeTest LaunchBrowser" time="-1.664306464457E9">
    <failure type="org.testng.TestNGException" message="
Parameter &amp;apos;browser&amp;apos; is required by BeforeTest on method LaunchBrowser but has not been marked @Optional or defined
in C:\Users\hp\AppData\Local\Temp\testng-eclipse-576127905\testng-customsuite.xml">
      <![CDATA[org.testng.TestNGException: 
Parameter 'browser' is required by BeforeTest on method LaunchBrowser but has not been marked @Optional or defined
in C:\Users\hp\AppData\Local\Temp\testng-eclipse-576127905\testng-customsuite.xml
at org.testng.internal.Parameters.createParams(Parameters.java:270)
at org.testng.internal.Parameters.createParametersForMethod(Parameters.java:358)
at org.testng.internal.Parameters.createParameters(Parameters.java:700)
at org.testng.internal.Parameters.createConfigurationParameters(Parameters.java:168)
at org.testng.internal.ConfigInvoker.invokeConfigurations(ConfigInvoker.java:302)
at org.testng.TestRunner.invokeTestConfigurations(TestRunner.java:637)
at org.testng.TestRunner.beforeRun(TestRunner.java:627)
at org.testng.TestRunner.run(TestRunner.java:589)
at org.testng.SuiteRunner.runTest(SuiteRunner.java:377)
at org.testng.SuiteRunner.runSequentially(SuiteRunner.java:371)
at org.testng.SuiteRunner.privateRun(SuiteRunner.java:332)
at org.testng.SuiteRunner.run(SuiteRunner.java:276)
at org.testng.SuiteRunnerWorker.runSuite(SuiteRunnerWorker.java:53)
at org.testng.SuiteRunnerWorker.run(SuiteRunnerWorker.java:96)
at org.testng.TestNG.runSuitesSequentially(TestNG.java:1212)
at org.testng.TestNG.runSuitesLocally(TestNG.java:1134)
at org.testng.TestNG.runSuites(TestNG.java:1063)
at org.testng.TestNG.run(TestNG.java:1031)
at org.testng.remote.AbstractRemoteTestNG.run(AbstractRemoteTestNG.java:115)
at org.testng.remote.RemoteTestNG.initAndRun(RemoteTestNG.java:251)
at org.testng.remote.RemoteTestNG.main(RemoteTestNG.java:77)
]]>
    </failure>
  </testcase> <!-- @BeforeTest LaunchBrowser -->
  <testcase classname="pack1.TestNG_Verift_Login_And_CreateNewAccount" name="@BeforeClass createPomObjects" time="-1.664306464493E9">
    <skipped/>
  </testcase> <!-- @BeforeClass createPomObjects -->
  <testcase classname="pack1.TestNG_Verift_Login_And_CreateNewAccount" name="@BeforeMethod Verify_Login_and_CreateNewAccount" time="-1.664306464518E9">
    <skipped/>
  </testcase> <!-- @BeforeMethod Verify_Login_and_CreateNewAccount -->
  <testcase classname="pack1.TestNG_Verift_Login_And_CreateNewAccount" name="@AfterMethod afterMethod" time="-1.664306464526E9">
    <skipped/>
  </testcase> <!-- @AfterMethod afterMethod -->
  <testcase classname="pack1.TestNG_Verift_Login_And_CreateNewAccount" name="@AfterClass removeObjects" time="-1.664306464529E9">
    <skipped/>
  </testcase> <!-- @AfterClass removeObjects -->
  <testcase classname="pack1.TestNG_Verift_Login_And_CreateNewAccount" name="@AfterTest afterClass" time="-1.664306464534E9">
    <skipped/>
  </testcase> <!-- @AfterTest afterClass -->
  <testcase classname="pack1.TestNG_Verift_Login_And_CreateNewAccount" name="Verify_Login_Credentials" time="0.0">
    <skipped/>
  </testcase> <!-- Verify_Login_Credentials -->
  <testcase classname="pack1.TestNG_Verift_Login_And_CreateNewAccount" name="Verify_CreateNewAccount_Button" time="0.0">
    <ignored/>
  </testcase> <!-- Verify_CreateNewAccount_Button -->
</testsuite> <!-- Default test -->
