<?xml version="1.0" encoding="UTF-8"?>
<!-- Generated by org.testng.reporters.JUnitReportReporter -->
<testsuite hostname="LAPTOP-H4JPT2A9" failures="2" tests="4" name="pack1.TestNG_verify_rooms_page" time="27.846" errors="0" timestamp="2022-09-28T01:10:27 IST" skipped="0">
  <testcase classname="pack1.TestNG_verify_rooms_page" name="Verify_ReturnToMessenger_button" time="3.235">
    <failure message="title is wrong expected [rooms page] but found [Messenger]" type="java.lang.AssertionError">
      <![CDATA[java.lang.AssertionError: title is wrong expected [rooms page] but found [Messenger]
at org.testng.Assert.fail(Assert.java:99)
at org.testng.Assert.failNotEquals(Assert.java:1037)
at org.testng.Assert.assertEqualsImpl(Assert.java:140)
at org.testng.Assert.assertEquals(Assert.java:122)
at org.testng.Assert.assertEquals(Assert.java:629)
at pack1.TestNG_verify_rooms_page.Verify_ReturnToMessenger_button(TestNG_verify_rooms_page.java:69)
at java.base/jdk.internal.reflect.DirectMethodHandleAccessor.invoke(DirectMethodHandleAccessor.java:104)
at java.base/java.lang.reflect.Method.invoke(Method.java:577)
at org.testng.internal.MethodInvocationHelper.invokeMethod(MethodInvocationHelper.java:133)
at org.testng.internal.TestInvoker.invokeMethod(TestInvoker.java:598)
at org.testng.internal.TestInvoker.invokeTestMethod(TestInvoker.java:173)
at org.testng.internal.MethodRunner.runInSequence(MethodRunner.java:46)
at org.testng.internal.TestInvoker$MethodInvocationAgent.invoke(TestInvoker.java:824)
at org.testng.internal.TestInvoker.invokeTestMethods(TestInvoker.java:146)
at org.testng.internal.TestMethodWorker.invokeTestMethods(TestMethodWorker.java:146)
at org.testng.internal.TestMethodWorker.run(TestMethodWorker.java:128)
at java.base/java.util.concurrent.ThreadPoolExecutor.runWorker(ThreadPoolExecutor.java:1136)
at java.base/java.util.concurrent.ThreadPoolExecutor$Worker.run(ThreadPoolExecutor.java:635)
at java.base/java.lang.Thread.run(Thread.java:833)
]]>
    </failure>
  </testcase> <!-- Verify_ReturnToMessenger_button -->
  <system-out/>
  <testcase classname="pack1.TestNG_verify_rooms_page" name="Verify_VisitToHelpCenter_button" time="7.775"/>
  <system-out/>
  <testcase classname="pack1.TestNG_verify_rooms_page" name="Verify_ReturnToMessenger_button" time="6.344">
    <failure message="title is wrong expected [rooms page] but found [Messenger | Page Not Found]" type="java.lang.AssertionError">
      <![CDATA[java.lang.AssertionError: title is wrong expected [rooms page] but found [Messenger | Page Not Found]
at org.testng.Assert.fail(Assert.java:99)
at org.testng.Assert.failNotEquals(Assert.java:1037)
at org.testng.Assert.assertEqualsImpl(Assert.java:140)
at org.testng.Assert.assertEquals(Assert.java:122)
at org.testng.Assert.assertEquals(Assert.java:629)
at pack1.TestNG_verify_rooms_page.Verify_ReturnToMessenger_button(TestNG_verify_rooms_page.java:69)
at java.base/jdk.internal.reflect.DirectMethodHandleAccessor.invoke(DirectMethodHandleAccessor.java:104)
at java.base/java.lang.reflect.Method.invoke(Method.java:577)
at org.testng.internal.MethodInvocationHelper.invokeMethod(MethodInvocationHelper.java:133)
at org.testng.internal.TestInvoker.invokeMethod(TestInvoker.java:598)
at org.testng.internal.TestInvoker.invokeTestMethod(TestInvoker.java:173)
at org.testng.internal.MethodRunner.runInSequence(MethodRunner.java:46)
at org.testng.internal.TestInvoker$MethodInvocationAgent.invoke(TestInvoker.java:824)
at org.testng.internal.TestInvoker.invokeTestMethods(TestInvoker.java:146)
at org.testng.internal.TestMethodWorker.invokeTestMethods(TestMethodWorker.java:146)
at org.testng.internal.TestMethodWorker.run(TestMethodWorker.java:128)
at java.base/java.util.concurrent.ThreadPoolExecutor.runWorker(ThreadPoolExecutor.java:1136)
at java.base/java.util.concurrent.ThreadPoolExecutor$Worker.run(ThreadPoolExecutor.java:635)
at java.base/java.lang.Thread.run(Thread.java:833)
]]>
    </failure>
  </testcase> <!-- Verify_ReturnToMessenger_button -->
  <system-out/>
  <testcase classname="pack1.TestNG_verify_rooms_page" name="Verify_VisitToHelpCenter_button" time="10.492"/>
  <system-out/>
</testsuite> <!-- pack1.TestNG_verify_rooms_page -->
