<?xml version="1.0" encoding="UTF-8"?>
<!-- Generated by org.testng.reporters.JUnitXMLReporter -->
<testsuite ignored="0" hostname="LAPTOP-H4JPT2A9" failures="1" tests="4" name="Chrome test" time="16.238" errors="0" timestamp="2022-10-06T01:34:19 IST">
  <testcase classname="pack1.TestNG_Verift_Login_And_CreateNewAccount" name="@AfterMethod afterMethod" time="0.206">
    <failure type="java.io.FileNotFoundException" message="D:\Velocity\TestNG ScreenShots\Test- 2001 06-10-2022 01.34.09.jpg (The system cannot find the path specified)">
      <![CDATA[java.io.FileNotFoundException: D:\Velocity\TestNG ScreenShots\Test- 2001 06-10-2022 01.34.09.jpg (The system cannot find the path specified)
at java.base/java.io.FileOutputStream.open0(Native Method)
at java.base/java.io.FileOutputStream.open(FileOutputStream.java:293)
at java.base/java.io.FileOutputStream.<init>(FileOutputStream.java:235)
at java.base/java.io.FileOutputStream.<init>(FileOutputStream.java:184)
at org.openqa.selenium.io.FileHandler.copyFile(FileHandler.java:138)
at org.openqa.selenium.io.FileHandler.copy(FileHandler.java:117)
at Utils.Utility.captureScreenshot(Utility.java:30)
at pack1.TestNG_Verift_Login_And_CreateNewAccount.afterMethod(TestNG_Verift_Login_And_CreateNewAccount.java:118)
at java.base/java.util.concurrent.ThreadPoolExecutor.runWorker(ThreadPoolExecutor.java:1136)
at java.base/java.util.concurrent.ThreadPoolExecutor$Worker.run(ThreadPoolExecutor.java:635)
at java.base/java.lang.Thread.run(Thread.java:833)
... Removed 15 stack frames]]>
    </failure>
  </testcase> <!-- @AfterMethod afterMethod -->
  <testcase classname="pack1.TestNG_Verift_Login_And_CreateNewAccount" name="@BeforeMethod Verify_Login_and_CreateNewAccount" time="-1.665000250042E9">
    <skipped/>
  </testcase> <!-- @BeforeMethod Verify_Login_and_CreateNewAccount -->
  <testcase classname="pack1.TestNG_Verift_Login_And_CreateNewAccount" name="@AfterMethod afterMethod" time="-1.665000250049E9">
    <skipped/>
  </testcase> <!-- @AfterMethod afterMethod -->
  <testcase classname="pack1.TestNG_Verift_Login_And_CreateNewAccount" name="@AfterClass removeObjects" time="-1.665000250053E9">
    <skipped/>
  </testcase> <!-- @AfterClass removeObjects -->
  <testcase classname="pack1.TestNG_Verift_Login_And_CreateNewAccount" name="@AfterTest afterClass" time="-1.665000259654E9">
    <skipped/>
  </testcase> <!-- @AfterTest afterClass -->
  <testcase classname="pack1.TestNG_verify_rooms_page" name="@AfterTest closedBrowser" time="-1.665000259656E9">
    <skipped/>
  </testcase> <!-- @AfterTest closedBrowser -->
  <testcase classname="pack1.TestNG_Verift_Login_And_CreateNewAccount" name="Verify_Login_Credentials" time="1.383">
    <failure type="java.io.FileNotFoundException" message="D:\Velocity\TestNG ScreenShots\Test- 2001 06-10-2022 01.34.09.jpg (The system cannot find the path specified)">
      <![CDATA[java.io.FileNotFoundException: D:\Velocity\TestNG ScreenShots\Test- 2001 06-10-2022 01.34.09.jpg (The system cannot find the path specified)
at java.base/java.io.FileOutputStream.open0(Native Method)
at java.base/java.io.FileOutputStream.open(FileOutputStream.java:293)
at java.base/java.io.FileOutputStream.<init>(FileOutputStream.java:235)
at java.base/java.io.FileOutputStream.<init>(FileOutputStream.java:184)
at org.openqa.selenium.io.FileHandler.copyFile(FileHandler.java:138)
at org.openqa.selenium.io.FileHandler.copy(FileHandler.java:117)
at Utils.Utility.captureScreenshot(Utility.java:30)
at pack1.TestNG_Verift_Login_And_CreateNewAccount.Verify_Login_Credentials(TestNG_Verift_Login_And_CreateNewAccount.java:69)
at java.base/java.util.concurrent.ThreadPoolExecutor.runWorker(ThreadPoolExecutor.java:1136)
at java.base/java.util.concurrent.ThreadPoolExecutor$Worker.run(ThreadPoolExecutor.java:635)
at java.base/java.lang.Thread.run(Thread.java:833)
... Removed 10 stack frames]]>
    </failure>
  </testcase> <!-- Verify_Login_Credentials -->
  <testcase classname="pack1.TestNG_Verift_Login_And_CreateNewAccount" name="Verify_CreateNewAccount_Button" time="0.0">
    <skipped/>
  </testcase> <!-- Verify_CreateNewAccount_Button -->
  <testcase classname="pack1.TestNG_verify_rooms_page" name="Verify_ReturnToMessenger_button" time="0.935"/>
  <testcase classname="pack1.TestNG_verify_rooms_page" name="Verify_VisitToHelpCenter_button" time="4.324"/>
</testsuite> <!-- Chrome test -->
