<?xml version="1.0" encoding="UTF-8"?>
<!-- Generated by org.testng.reporters.JUnitXMLReporter -->
<testsuite ignored="0" hostname="LAPTOP-H4JPT2A9" failures="1" tests="4" name="Firefox test" time="18.592" errors="0" timestamp="2022-10-06T01:34:38 IST">
  <testcase classname="pack1.TestNG_Verift_Login_And_CreateNewAccount" name="@AfterMethod afterMethod" time="0.091">
    <failure type="java.io.FileNotFoundException" message="D:\Velocity\TestNG ScreenShots\Test- 2001 06-10-2022 01.34.30.jpg (The system cannot find the path specified)">
      <![CDATA[java.io.FileNotFoundException: D:\Velocity\TestNG ScreenShots\Test- 2001 06-10-2022 01.34.30.jpg (The system cannot find the path specified)
at java.base/java.io.FileOutputStream.open0(Native Method)
at java.base/java.io.FileOutputStream.open(FileOutputStream.java:293)
at java.base/java.io.FileOutputStream.<init>(FileOutputStream.java:235)
at java.base/java.io.FileOutputStream.<init>(FileOutputStream.java:184)
at org.openqa.selenium.io.FileHandler.copyFile(FileHandler.java:138)
at org.openqa.selenium.io.FileHandler.copy(FileHandler.java:117)
at Utils.Utility.captureScreenshot(Utility.java:30)
at pack1.TestNG_Verift_Login_And_CreateNewAccount.afterMethod(TestNG_Verift_Login_And_CreateNewAccount.java:118)
at java.base/java.util.concurrent.ThreadPoolExecutor.runWorker(ThreadPoolExecutor.java:1136)
at java.base/java.util.concurrent.ThreadPoolExecutor$Worker.run(ThreadPoolExecutor.java:635)
at java.base/java.lang.Thread.run(Thread.java:833)
... Removed 15 stack frames]]>
    </failure>
  </testcase> <!-- @AfterMethod afterMethod -->
  <testcase classname="pack1.TestNG_Verift_Login_And_CreateNewAccount" name="@BeforeMethod Verify_Login_and_CreateNewAccount" time="-1.665000270832E9">
    <skipped/>
  </testcase> <!-- @BeforeMethod Verify_Login_and_CreateNewAccount -->
  <testcase classname="pack1.TestNG_Verift_Login_And_CreateNewAccount" name="@AfterMethod afterMethod" time="-1.665000270838E9">
    <skipped/>
  </testcase> <!-- @AfterMethod afterMethod -->
  <testcase classname="pack1.TestNG_Verift_Login_And_CreateNewAccount" name="@AfterClass removeObjects" time="-1.66500027084E9">
    <skipped/>
  </testcase> <!-- @AfterClass removeObjects -->
  <testcase classname="pack1.TestNG_Verift_Login_And_CreateNewAccount" name="@AfterTest afterClass" time="-1.665000278313E9">
    <skipped/>
  </testcase> <!-- @AfterTest afterClass -->
  <testcase classname="pack1.TestNG_verify_rooms_page" name="@AfterTest closedBrowser" time="-1.665000278316E9">
    <skipped/>
  </testcase> <!-- @AfterTest closedBrowser -->
  <testcase classname="pack1.TestNG_Verift_Login_And_CreateNewAccount" name="Verify_Login_Credentials" time="0.385">
    <failure type="java.io.FileNotFoundException" message="D:\Velocity\TestNG ScreenShots\Test- 2001 06-10-2022 01.34.30.jpg (The system cannot find the path specified)">
      <![CDATA[java.io.FileNotFoundException: D:\Velocity\TestNG ScreenShots\Test- 2001 06-10-2022 01.34.30.jpg (The system cannot find the path specified)
at java.base/java.io.FileOutputStream.open0(Native Method)
at java.base/java.io.FileOutputStream.open(FileOutputStream.java:293)
at java.base/java.io.FileOutputStream.<init>(FileOutputStream.java:235)
at java.base/java.io.FileOutputStream.<init>(FileOutputStream.java:184)
at org.openqa.selenium.io.FileHandler.copyFile(FileHandler.java:138)
at org.openqa.selenium.io.FileHandler.copy(FileHandler.java:117)
at Utils.Utility.captureScreenshot(Utility.java:30)
at pack1.TestNG_Verift_Login_And_CreateNewAccount.Verify_Login_Credentials(TestNG_Verift_Login_And_CreateNewAccount.java:69)
at java.base/java.util.concurrent.ThreadPoolExecutor.runWorker(ThreadPoolExecutor.java:1136)
at java.base/java.util.concurrent.ThreadPoolExecutor$Worker.run(ThreadPoolExecutor.java:635)
at java.base/java.lang.Thread.run(Thread.java:833)
... Removed 10 stack frames]]>
    </failure>
  </testcase> <!-- Verify_Login_Credentials -->
  <testcase classname="pack1.TestNG_Verift_Login_And_CreateNewAccount" name="Verify_CreateNewAccount_Button" time="0.0">
    <skipped/>
  </testcase> <!-- Verify_CreateNewAccount_Button -->
  <testcase classname="pack1.TestNG_verify_rooms_page" name="Verify_ReturnToMessenger_button" time="0.812"/>
  <testcase classname="pack1.TestNG_verify_rooms_page" name="Verify_VisitToHelpCenter_button" time="3.408"/>
</testsuite> <!-- Firefox test -->
